0 verbose cli /usr/local/bin/node /usr/local/bin/npm
0 verbose cli /usr/local/bin/node /usr/local/bin/npm
1 info using npm@10.8.2
2 info using node@v20.19.6
3 silly config load:file:/usr/local/lib/node_modules/npm/npmrc
4 silly config load:file:/Users/mac/projects/central-bank/.npmrc
5 silly config load:file:/Users/mac/.npmrc
6 silly config load:file:/usr/local/etc/npmrc
1 info using npm@10.8.2
2 info using node@v20.19.6
3 silly config load:file:/usr/local/lib/node_modules/npm/npmrc
4 silly config load:file:/Users/mac/projects/central-bank/.npmrc
5 silly config load:file:/Users/mac/.npmrc
6 silly config load:file:/usr/local/etc/npmrc
7 verbose title npm run lint
8 verbose argv "run" "lint"
9 verbose logfile logs-max:10 dir:/Users/mac/projects/central-bank/.npm-cache/_logs/2026-03-24T21_18_06_843Z-
7 verbose title npm run typecheck
8 verbose argv "run" "typecheck"
9 verbose logfile logs-max:10 dir:/Users/mac/projects/central-bank/.npm-cache/_logs/2026-03-24T21_18_06_843Z-
10 verbose logfile /Users/mac/projects/central-bank/.npm-cache/_logs/2026-03-24T21_18_06_843Z-debug-0.log
10 verbose logfile /Users/mac/projects/central-bank/.npm-cache/_logs/2026-03-24T21_18_06_843Z-debug-0.log
11 silly logfile done cleaning log files
11 silly logfile done cleaning log files
12 http fetch GET 200 https://registry.npmjs.org/npm 772ms
12 http fetch GET 200 https://registry.npmjs.org/npm 772ms
13 verbose cwd /Users/mac/projects/central-bank
14 verbose os Darwin 24.6.0
15 verbose node v20.19.6
16 verbose npm  v10.8.2
17 notice
17 notice New major version of npm available! 10.8.2 -> 11.12.0
17 notice Changelog: https://github.com/npm/cli/releases/tag/v11.12.0
17 notice To update run: npm install -g npm@11.12.0
17 notice  { force: true, [Symbol(proc-log.meta)]: true }
18 verbose exit 0
19 info ok
13 verbose cwd /Users/mac/projects/central-bank
14 verbose os Darwin 24.6.0
15 verbose node v20.19.6
16 verbose npm  v10.8.2
17 notice
17 notice New major version of npm available! 10.8.2 -> 11.12.0
17 notice Changelog: https://github.com/npm/cli/releases/tag/v11.12.0
17 notice To update run: npm install -g npm@11.12.0
17 notice  { force: true, [Symbol(proc-log.meta)]: true }
18 verbose exit 0
19 info ok
